y:\src\csgo-sdk\x64\debug\c_angle.obj
y:\src\csgo-sdk\x64\debug\draw_view_models.obj
y:\src\csgo-sdk\x64\debug\imgui_demo.obj
y:\src\csgo-sdk\x64\debug\process_movement.obj
y:\src\csgo-sdk\x64\debug\imgui_impl_dx9.obj
y:\src\csgo-sdk\x64\debug\crc32.obj
y:\src\csgo-sdk\x64\debug\c_weapon_data.obj
y:\src\csgo-sdk\x64\debug\net_earliertempents.obj
y:\src\csgo-sdk\x64\debug\fonts2.obj
y:\src\csgo-sdk\x64\debug\memory.obj
y:\src\csgo-sdk\x64\debug\c_color.obj
y:\src\csgo-sdk\x64\debug\imgui_tables.obj
y:\src\csgo-sdk\x64\debug\convars.obj
y:\src\csgo-sdk\x64\debug\imgui_impl_win32.obj
y:\src\csgo-sdk\x64\debug\esp.obj
y:\src\csgo-sdk\x64\debug\send_net_msg.obj
y:\src\csgo-sdk\x64\debug\imgui_draw.obj
y:\src\csgo-sdk\x64\debug\math.obj
y:\src\csgo-sdk\x64\debug\get_vcollide.obj
y:\src\csgo-sdk\x64\debug\vc143.idb
y:\src\csgo-sdk\x64\debug\vc143.pdb
y:\src\csgo-sdk\x64\debug\csgo-sdk.tlog\cl.10384.write.1.tlog
y:\src\csgo-sdk\x64\debug\csgo-sdk.tlog\cl.command.1.tlog
y:\src\csgo-sdk\x64\debug\csgo-sdk.tlog\cl.read.1.tlog
